<?xml version="1.0" encoding="UTF-8"?>
<!-- Generated by org.testng.reporters.JUnitXMLReporter -->
<testsuite ignored="0" hostname="DESKTOP-ORE7IBC" failures="0" tests="8" name="Default test" time="87.868" errors="0" timestamp="2024-05-31T10:31:39 IST">
  <testcase classname="Test.Testclass" name="tc01" time="2.362"/>
  <testcase classname="Test.Testclass" name="tc02" time="2.688"/>
  <testcase classname="Test.Testclass" name="tc03" time="2.308"/>
  <testcase classname="Test.Testclass" name="tc04" time="2.495"/>
  <testcase classname="Test.Testclass" name="tc05" time="2.548"/>
  <testcase classname="Test.Testclass" name="tc06" time="2.114"/>
  <testcase classname="Test.Testclass" name="tc07" time="2.365"/>
  <testcase classname="Test.Testclass" name="tc08" time="2.265"/>
</testsuite> <!-- Default test -->
