<?xml version="1.0" encoding="UTF-8"?>
<testng-results ignored="0" total="8" passed="8" failed="0" skipped="0">
  <reporter-output>
    <line>
      <![CDATA[---Open browser]]>
    </line>
    <line>
      <![CDATA[("----TC Name:Login Negative Test - Balnk Password----]]>
    </line>
    <line>
      <![CDATA[----Tc name:Login negative test-incorrect password]]>
    </line>
    <line>
      <![CDATA[----Tc name:Login negative test-blank email]]>
    </line>
    <line>
      <![CDATA[----Tc name:Login negative test-incorrect email]]>
    </line>
    <line>
      <![CDATA[----Tc name:Login negative test-incorrect email and incorect password]]>
    </line>
    <line>
      <![CDATA[----Tc name:Login negative test-blank email and blank password]]>
    </line>
    <line>
      <![CDATA[----Tc name:Login negative test-invalid email and blank password]]>
    </line>
    <line>
      <![CDATA[----Tc name:Login negative test-blank email and invalid password]]>
    </line>
    <line>
      <![CDATA[---Close browser]]>
    </line>
  </reporter-output>
  <suite started-at="2024-05-31T10:30:11 IST" name="Default suite" finished-at="2024-05-31T10:31:39 IST" duration-ms="87868">
    <groups>
    </groups>
    <test started-at="2024-05-31T10:30:11 IST" name="Default test" finished-at="2024-05-31T10:31:39 IST" duration-ms="87868">
      <class name="Test.Testclass">
        <test-method is-config="true" signature="openbrowser()[pri:0, instance:Test.Testclass@209da20d]" started-at="2024-05-31T10:30:11 IST" name="openbrowser" finished-at="2024-05-31T10:30:30 IST" duration-ms="19388" status="PASS">
          <reporter-output>
            <line>
              <![CDATA[---Open browser]]>
            </line>
          </reporter-output>
        </test-method> <!-- openbrowser -->
        <test-method is-config="true" signature="refresh()[pri:0, instance:Test.Testclass@209da20d]" started-at="2024-05-31T10:30:30 IST" name="refresh" finished-at="2024-05-31T10:30:40 IST" duration-ms="9282" status="PASS">
          <reporter-output>
          </reporter-output>
        </test-method> <!-- refresh -->
        <test-method signature="tc01()[pri:0, instance:Test.Testclass@209da20d]" started-at="2024-05-31T10:30:40 IST" name="tc01" finished-at="2024-05-31T10:30:42 IST" duration-ms="2362" status="PASS">
          <reporter-output>
            <line>
              <![CDATA[("----TC Name:Login Negative Test - Balnk Password----]]>
            </line>
          </reporter-output>
        </test-method> <!-- tc01 -->
        <test-method is-config="true" signature="refresh()[pri:0, instance:Test.Testclass@209da20d]" started-at="2024-05-31T10:30:42 IST" name="refresh" finished-at="2024-05-31T10:30:48 IST" duration-ms="5802" status="PASS">
          <reporter-output>
          </reporter-output>
        </test-method> <!-- refresh -->
        <test-method signature="tc02()[pri:0, instance:Test.Testclass@209da20d]" started-at="2024-05-31T10:30:48 IST" name="tc02" finished-at="2024-05-31T10:30:51 IST" duration-ms="2688" status="PASS">
          <reporter-output>
            <line>
              <![CDATA[----Tc name:Login negative test-incorrect password]]>
            </line>
          </reporter-output>
        </test-method> <!-- tc02 -->
        <test-method is-config="true" signature="refresh()[pri:0, instance:Test.Testclass@209da20d]" started-at="2024-05-31T10:30:51 IST" name="refresh" finished-at="2024-05-31T10:30:57 IST" duration-ms="6014" status="PASS">
          <reporter-output>
          </reporter-output>
        </test-method> <!-- refresh -->
        <test-method signature="tc03()[pri:0, instance:Test.Testclass@209da20d]" started-at="2024-05-31T10:30:57 IST" name="tc03" finished-at="2024-05-31T10:30:59 IST" duration-ms="2308" status="PASS">
          <reporter-output>
            <line>
              <![CDATA[----Tc name:Login negative test-blank email]]>
            </line>
          </reporter-output>
        </test-method> <!-- tc03 -->
        <test-method is-config="true" signature="refresh()[pri:0, instance:Test.Testclass@209da20d]" started-at="2024-05-31T10:30:59 IST" name="refresh" finished-at="2024-05-31T10:31:05 IST" duration-ms="6033" status="PASS">
          <reporter-output>
          </reporter-output>
        </test-method> <!-- refresh -->
        <test-method signature="tc04()[pri:0, instance:Test.Testclass@209da20d]" started-at="2024-05-31T10:31:05 IST" name="tc04" finished-at="2024-05-31T10:31:07 IST" duration-ms="2495" status="PASS">
          <reporter-output>
            <line>
              <![CDATA[----Tc name:Login negative test-incorrect email]]>
            </line>
          </reporter-output>
        </test-method> <!-- tc04 -->
        <test-method is-config="true" signature="refresh()[pri:0, instance:Test.Testclass@209da20d]" started-at="2024-05-31T10:31:07 IST" name="refresh" finished-at="2024-05-31T10:31:13 IST" duration-ms="5927" status="PASS">
          <reporter-output>
          </reporter-output>
        </test-method> <!-- refresh -->
        <test-method signature="tc05()[pri:0, instance:Test.Testclass@209da20d]" started-at="2024-05-31T10:31:13 IST" name="tc05" finished-at="2024-05-31T10:31:16 IST" duration-ms="2548" status="PASS">
          <reporter-output>
            <line>
              <![CDATA[----Tc name:Login negative test-incorrect email and incorect password]]>
            </line>
          </reporter-output>
        </test-method> <!-- tc05 -->
        <test-method is-config="true" signature="refresh()[pri:0, instance:Test.Testclass@209da20d]" started-at="2024-05-31T10:31:16 IST" name="refresh" finished-at="2024-05-31T10:31:21 IST" duration-ms="5374" status="PASS">
          <reporter-output>
          </reporter-output>
        </test-method> <!-- refresh -->
        <test-method signature="tc06()[pri:0, instance:Test.Testclass@209da20d]" started-at="2024-05-31T10:31:21 IST" name="tc06" finished-at="2024-05-31T10:31:23 IST" duration-ms="2114" status="PASS">
          <reporter-output>
            <line>
              <![CDATA[----Tc name:Login negative test-blank email and blank password]]>
            </line>
          </reporter-output>
        </test-method> <!-- tc06 -->
        <test-method is-config="true" signature="refresh()[pri:0, instance:Test.Testclass@209da20d]" started-at="2024-05-31T10:31:23 IST" name="refresh" finished-at="2024-05-31T10:31:29 IST" duration-ms="5420" status="PASS">
          <reporter-output>
          </reporter-output>
        </test-method> <!-- refresh -->
        <test-method signature="tc07()[pri:0, instance:Test.Testclass@209da20d]" started-at="2024-05-31T10:31:29 IST" name="tc07" finished-at="2024-05-31T10:31:31 IST" duration-ms="2365" status="PASS">
          <reporter-output>
            <line>
              <![CDATA[----Tc name:Login negative test-invalid email and blank password]]>
            </line>
          </reporter-output>
        </test-method> <!-- tc07 -->
        <test-method is-config="true" signature="refresh()[pri:0, instance:Test.Testclass@209da20d]" started-at="2024-05-31T10:31:31 IST" name="refresh" finished-at="2024-05-31T10:31:36 IST" duration-ms="5198" status="PASS">
          <reporter-output>
          </reporter-output>
        </test-method> <!-- refresh -->
        <test-method signature="tc08()[pri:0, instance:Test.Testclass@209da20d]" started-at="2024-05-31T10:31:36 IST" name="tc08" finished-at="2024-05-31T10:31:39 IST" duration-ms="2265" status="PASS">
          <reporter-output>
            <line>
              <![CDATA[----Tc name:Login negative test-blank email and invalid password]]>
            </line>
          </reporter-output>
        </test-method> <!-- tc08 -->
        <test-method is-config="true" signature="closebrowser()[pri:0, instance:Test.Testclass@209da20d]" started-at="2024-05-31T10:31:39 IST" name="closebrowser" finished-at="2024-05-31T10:31:39 IST" duration-ms="167" status="PASS">
          <reporter-output>
            <line>
              <![CDATA[---Close browser]]>
            </line>
          </reporter-output>
        </test-method> <!-- closebrowser -->
      </class> <!-- Test.Testclass -->
    </test> <!-- Default test -->
  </suite> <!-- Default suite -->
</testng-results>
